2013/05/06 19:26:10 [error] [php] Illegal string offset 'name' (C:\yii\framework\web\helpers\CHtml.php:2186)
Stack trace:
#0 C:\wamp\www\Transaction\protected\views\transaction\_form.php(20): CActiveForm->textField()
#1 C:\yii\framework\web\CBaseController.php(126): require()
#2 C:\yii\framework\web\CBaseController.php(95): TransactionController->renderInternal()
#3 C:\yii\framework\web\CController.php(869): TransactionController->renderFile()
#4 C:\wamp\www\Transaction\protected\views\transaction\create.php(18): TransactionController->renderPartial()
#5 C:\yii\framework\web\CBaseController.php(126): require()
#6 C:\yii\framework\web\CBaseController.php(95): TransactionController->renderInternal()
#7 C:\yii\framework\web\CController.php(869): TransactionController->renderFile()
#8 C:\yii\framework\web\CController.php(782): TransactionController->renderPartial()
#9 C:\wamp\www\Transaction\protected\controllers\TransactionController.php(79): TransactionController->render()
#10 C:\yii\framework\web\actions\CInlineAction.php(49): TransactionController->actionCreate()
#11 C:\yii\framework\web\CController.php(308): CInlineAction->runWithParams()
#12 C:\yii\framework\web\filters\CFilterChain.php(133): TransactionController->runAction()
#13 C:\yii\framework\web\filters\CFilter.php(40): CFilterChain->run()
#14 C:\yii\framework\web\CController.php(1145): CAccessControlFilter->filter()
#15 C:\yii\framework\web\filters\CInlineFilter.php(58): TransactionController->filterAccessControl()
#16 C:\yii\framework\web\filters\CFilterChain.php(130): CInlineFilter->filter()
#17 C:\yii\framework\web\CController.php(291): CFilterChain->run()
#18 C:\yii\framework\web\CController.php(265): TransactionController->runActionWithFilters()
#19 C:\yii\framework\web\CWebApplication.php(282): TransactionController->run()
#20 C:\yii\framework\web\CWebApplication.php(141): CWebApplication->runController()
#21 C:\yii\framework\base\CApplication.php(169): CWebApplication->processRequest()
#22 C:\wamp\www\Transaction\index.php(13): CWebApplication->run()
REQUEST_URI=/transaction/index.php?r=transaction/create
in C:\wamp\www\Transaction\protected\views\transaction\_form.php (20)
in C:\wamp\www\Transaction\protected\views\transaction\create.php (18)
in C:\wamp\www\Transaction\protected\controllers\TransactionController.php (79)
2013/05/06 19:27:39 [error] [php] Illegal string offset 'name' (C:\yii\framework\web\helpers\CHtml.php:2186)
Stack trace:
#0 C:\wamp\www\Transaction\protected\views\transaction\_form.php(20): CActiveForm->textField()
#1 C:\yii\framework\web\CBaseController.php(126): require()
#2 C:\yii\framework\web\CBaseController.php(95): TransactionController->renderInternal()
#3 C:\yii\framework\web\CController.php(869): TransactionController->renderFile()
#4 C:\wamp\www\Transaction\protected\views\transaction\create.php(18): TransactionController->renderPartial()
#5 C:\yii\framework\web\CBaseController.php(126): require()
#6 C:\yii\framework\web\CBaseController.php(95): TransactionController->renderInternal()
#7 C:\yii\framework\web\CController.php(869): TransactionController->renderFile()
#8 C:\yii\framework\web\CController.php(782): TransactionController->renderPartial()
#9 C:\wamp\www\Transaction\protected\controllers\TransactionController.php(79): TransactionController->render()
#10 C:\yii\framework\web\actions\CInlineAction.php(49): TransactionController->actionCreate()
#11 C:\yii\framework\web\CController.php(308): CInlineAction->runWithParams()
#12 C:\yii\framework\web\filters\CFilterChain.php(133): TransactionController->runAction()
#13 C:\yii\framework\web\filters\CFilter.php(40): CFilterChain->run()
#14 C:\yii\framework\web\CController.php(1145): CAccessControlFilter->filter()
#15 C:\yii\framework\web\filters\CInlineFilter.php(58): TransactionController->filterAccessControl()
#16 C:\yii\framework\web\filters\CFilterChain.php(130): CInlineFilter->filter()
#17 C:\yii\framework\web\CController.php(291): CFilterChain->run()
#18 C:\yii\framework\web\CController.php(265): TransactionController->runActionWithFilters()
#19 C:\yii\framework\web\CWebApplication.php(282): TransactionController->run()
#20 C:\yii\framework\web\CWebApplication.php(141): CWebApplication->runController()
#21 C:\yii\framework\base\CApplication.php(169): CWebApplication->processRequest()
#22 C:\wamp\www\Transaction\index.php(13): CWebApplication->run()
REQUEST_URI=/transaction/index.php?r=transaction/create
in C:\wamp\www\Transaction\protected\views\transaction\_form.php (20)
in C:\wamp\www\Transaction\protected\views\transaction\create.php (18)
in C:\wamp\www\Transaction\protected\controllers\TransactionController.php (79)
2013/05/06 19:30:37 [warning] [application] Failed to set unsafe attribute "order_id" of "Transaction".
in C:\wamp\www\Transaction\protected\controllers\TransactionController.php (72)
in C:\wamp\www\Transaction\index.php (13)
2013/05/06 19:31:56 [warning] [application] Failed to set unsafe attribute "order_id" of "Transaction".
in C:\wamp\www\Transaction\protected\controllers\TransactionController.php (72)
in C:\wamp\www\Transaction\index.php (13)
2013/05/06 19:37:25 [error] [php] Array to string conversion (C:\wamp\www\Transaction\protected\views\transaction\_form.php:16)
Stack trace:
#0 C:\yii\framework\web\CController.php(869): TransactionController->renderFile()
#1 C:\wamp\www\Transaction\protected\views\transaction\create.php(18): TransactionController->renderPartial()
#2 C:\yii\framework\web\CBaseController.php(126): require()
#3 C:\yii\framework\web\CBaseController.php(95): TransactionController->renderInternal()
#4 C:\yii\framework\web\CController.php(869): TransactionController->renderFile()
#5 C:\yii\framework\web\CController.php(782): TransactionController->renderPartial()
#6 C:\wamp\www\Transaction\protected\controllers\TransactionController.php(79): TransactionController->render()
#7 C:\yii\framework\web\actions\CInlineAction.php(49): TransactionController->actionCreate()
#8 C:\yii\framework\web\CController.php(308): CInlineAction->runWithParams()
#9 C:\yii\framework\web\filters\CFilterChain.php(133): TransactionController->runAction()
#10 C:\yii\framework\web\filters\CFilter.php(40): CFilterChain->run()
#11 C:\yii\framework\web\CController.php(1145): CAccessControlFilter->filter()
#12 C:\yii\framework\web\filters\CInlineFilter.php(58): TransactionController->filterAccessControl()
#13 C:\yii\framework\web\filters\CFilterChain.php(130): CInlineFilter->filter()
#14 C:\yii\framework\web\CController.php(291): CFilterChain->run()
#15 C:\yii\framework\web\CController.php(265): TransactionController->runActionWithFilters()
#16 C:\yii\framework\web\CWebApplication.php(282): TransactionController->run()
#17 C:\yii\framework\web\CWebApplication.php(141): CWebApplication->runController()
#18 C:\yii\framework\base\CApplication.php(169): CWebApplication->processRequest()
#19 C:\wamp\www\Transaction\index.php(13): CWebApplication->run()
REQUEST_URI=/transaction/index.php?r=transaction/create
in C:\wamp\www\Transaction\protected\views\transaction\_form.php (16)
in C:\wamp\www\Transaction\protected\views\transaction\create.php (18)
in C:\wamp\www\Transaction\protected\controllers\TransactionController.php (79)
2013/05/06 19:38:23 [warning] [application] Failed to set unsafe attribute "order_id" of "Transaction".
in C:\wamp\www\Transaction\protected\controllers\TransactionController.php (72)
in C:\wamp\www\Transaction\index.php (13)
2013/05/06 19:42:11 [error] [php] Creating default object from empty value (C:\wamp\www\Transaction\protected\views\transaction\_form.php:20)
Stack trace:
#0 C:\yii\framework\web\CController.php(869): TransactionController->renderFile()
#1 C:\wamp\www\Transaction\protected\views\transaction\create.php(18): TransactionController->renderPartial()
#2 C:\yii\framework\web\CBaseController.php(126): require()
#3 C:\yii\framework\web\CBaseController.php(95): TransactionController->renderInternal()
#4 C:\yii\framework\web\CController.php(869): TransactionController->renderFile()
#5 C:\yii\framework\web\CController.php(782): TransactionController->renderPartial()
#6 C:\wamp\www\Transaction\protected\controllers\TransactionController.php(79): TransactionController->render()
#7 C:\yii\framework\web\actions\CInlineAction.php(49): TransactionController->actionCreate()
#8 C:\yii\framework\web\CController.php(308): CInlineAction->runWithParams()
#9 C:\yii\framework\web\filters\CFilterChain.php(133): TransactionController->runAction()
#10 C:\yii\framework\web\filters\CFilter.php(40): CFilterChain->run()
#11 C:\yii\framework\web\CController.php(1145): CAccessControlFilter->filter()
#12 C:\yii\framework\web\filters\CInlineFilter.php(58): TransactionController->filterAccessControl()
#13 C:\yii\framework\web\filters\CFilterChain.php(130): CInlineFilter->filter()
#14 C:\yii\framework\web\CController.php(291): CFilterChain->run()
#15 C:\yii\framework\web\CController.php(265): TransactionController->runActionWithFilters()
#16 C:\yii\framework\web\CWebApplication.php(282): TransactionController->run()
#17 C:\yii\framework\web\CWebApplication.php(141): CWebApplication->runController()
#18 C:\yii\framework\base\CApplication.php(169): CWebApplication->processRequest()
#19 C:\wamp\www\Transaction\index.php(13): CWebApplication->run()
REQUEST_URI=/transaction/index.php?r=transaction/create
in C:\wamp\www\Transaction\protected\views\transaction\_form.php (20)
in C:\wamp\www\Transaction\protected\views\transaction\create.php (18)
in C:\wamp\www\Transaction\protected\controllers\TransactionController.php (79)
2013/05/06 19:43:06 [warning] [application] Failed to set unsafe attribute "order_id" of "Transaction".
in C:\wamp\www\Transaction\protected\controllers\TransactionController.php (72)
in C:\wamp\www\Transaction\index.php (13)
2013/05/06 19:44:22 [warning] [application] Failed to set unsafe attribute "order_id" of "Transaction".
in C:\wamp\www\Transaction\protected\controllers\TransactionController.php (72)
in C:\wamp\www\Transaction\index.php (13)
2013/05/06 19:45:35 [warning] [application] Failed to set unsafe attribute "order_id" of "Transaction".
in C:\wamp\www\Transaction\protected\controllers\TransactionController.php (72)
in C:\wamp\www\Transaction\index.php (13)
2013/05/06 19:45:53 [warning] [application] Failed to set unsafe attribute "order_id" of "Transaction".
in C:\wamp\www\Transaction\protected\controllers\TransactionController.php (72)
in C:\wamp\www\Transaction\index.php (13)
2013/05/06 20:13:44 [trace] [system.CModule] Loading "log" application component
in C:\wamp\www\Transaction\index.php (34)
2013/05/06 20:13:44 [trace] [system.CModule] Loading "request" application component
in C:\wamp\www\Transaction\index.php (34)
2013/05/06 20:13:44 [trace] [system.CModule] Loading "urlManager" application component
in C:\wamp\www\Transaction\index.php (34)
2013/05/06 20:13:44 [trace] [system.CModule] Loading "widgetFactory" application component
in C:\wamp\www\Transaction\protected\views\layouts\column1.php (2)
in C:\wamp\www\Transaction\protected\controllers\SiteController.php (32)
in C:\wamp\www\Transaction\index.php (34)
2013/05/06 20:13:44 [trace] [system.CModule] Loading "user" application component
in C:\wamp\www\Transaction\protected\views\layouts\main.php (35)
in C:\wamp\www\Transaction\protected\views\layouts\column1.php (6)
in C:\wamp\www\Transaction\protected\controllers\SiteController.php (32)
2013/05/06 20:13:44 [trace] [system.CModule] Loading "session" application component
in C:\wamp\www\Transaction\protected\views\layouts\main.php (35)
in C:\wamp\www\Transaction\protected\views\layouts\column1.php (6)
in C:\wamp\www\Transaction\protected\controllers\SiteController.php (32)
2013/05/06 20:13:44 [trace] [system.CModule] Loading "coreMessages" application component
in C:\wamp\www\Transaction\protected\views\layouts\main.php (53)
in C:\wamp\www\Transaction\protected\views\layouts\column1.php (6)
in C:\wamp\www\Transaction\protected\controllers\SiteController.php (32)
2013/05/06 20:13:44 [trace] [system.CModule] Loading "clientScript" application component
in C:\wamp\www\Transaction\protected\controllers\SiteController.php (32)
in C:\wamp\www\Transaction\index.php (34)
2013/05/06 21:06:56 [error] [php] include(nusoap_client.php): failed to open stream: No such file or directory (C:\yii\framework\YiiBase.php:421)
Stack trace:
#0 C:\wamp\www\Transaction\protected\views\transaction\index.php(19): spl_autoload_call()
#1 C:\yii\framework\web\CBaseController.php(126): require()
#2 C:\yii\framework\web\CBaseController.php(95): TransactionController->renderInternal()
#3 C:\yii\framework\web\CController.php(869): TransactionController->renderFile()
#4 C:\yii\framework\web\CController.php(782): TransactionController->renderPartial()
#5 C:\wamp\www\Transaction\protected\controllers\TransactionController.php(128): TransactionController->render()
#6 C:\yii\framework\web\actions\CInlineAction.php(49): TransactionController->actionIndex()
#7 C:\yii\framework\web\CController.php(308): CInlineAction->runWithParams()
#8 C:\yii\framework\web\filters\CFilterChain.php(133): TransactionController->runAction()
#9 C:\yii\framework\web\filters\CFilter.php(40): CFilterChain->run()
#10 C:\yii\framework\web\CController.php(1145): CAccessControlFilter->filter()
#11 C:\yii\framework\web\filters\CInlineFilter.php(58): TransactionController->filterAccessControl()
#12 C:\yii\framework\web\filters\CFilterChain.php(130): CInlineFilter->filter()
#13 C:\yii\framework\web\CController.php(291): CFilterChain->run()
#14 C:\yii\framework\web\CController.php(265): TransactionController->runActionWithFilters()
#15 C:\yii\framework\web\CWebApplication.php(282): TransactionController->run()
#16 C:\yii\framework\web\CWebApplication.php(141): CWebApplication->runController()
#17 C:\yii\framework\base\CApplication.php(169): CWebApplication->processRequest()
#18 C:\wamp\www\Transaction\index.php(34): CWebApplication->run()
REQUEST_URI=/transaction/index.php?r=transaction
in C:\wamp\www\Transaction\protected\views\transaction\index.php (19)
in C:\wamp\www\Transaction\protected\controllers\TransactionController.php (128)
in C:\wamp\www\Transaction\index.php (34)
2013/05/06 21:09:40 [error] [php] Undefined index: APLICATION_ENV (C:\wamp\www\Transaction\protected\views\site\index.php:5)
Stack trace:
#0 C:\yii\framework\web\CController.php(869): SiteController->renderFile()
#1 C:\yii\framework\web\CController.php(782): SiteController->renderPartial()
#2 C:\wamp\www\Transaction\protected\controllers\SiteController.php(32): SiteController->render()
#3 C:\yii\framework\web\actions\CInlineAction.php(49): SiteController->actionIndex()
#4 C:\yii\framework\web\CController.php(308): CInlineAction->runWithParams()
#5 C:\yii\framework\web\CController.php(286): SiteController->runAction()
#6 C:\yii\framework\web\CController.php(265): SiteController->runActionWithFilters()
#7 C:\yii\framework\web\CWebApplication.php(282): SiteController->run()
#8 C:\yii\framework\web\CWebApplication.php(141): CWebApplication->runController()
#9 C:\yii\framework\base\CApplication.php(169): CWebApplication->processRequest()
#10 C:\wamp\www\Transaction\index.php(34): CWebApplication->run()
REQUEST_URI=/transaction/index.php
in C:\wamp\www\Transaction\protected\views\site\index.php (5)
in C:\wamp\www\Transaction\protected\controllers\SiteController.php (32)
in C:\wamp\www\Transaction\index.php (34)
2013/05/06 21:49:58 [error] [php] Array to string conversion (C:\wamp\www\Transaction\protected\views\transaction\index.php:21)
Stack trace:
#0 C:\yii\framework\web\CController.php(869): TransactionController->renderFile()
#1 C:\yii\framework\web\CController.php(782): TransactionController->renderPartial()
#2 C:\wamp\www\Transaction\protected\controllers\TransactionController.php(140): TransactionController->render()
#3 C:\yii\framework\web\actions\CInlineAction.php(49): TransactionController->actionIndex()
#4 C:\yii\framework\web\CController.php(308): CInlineAction->runWithParams()
#5 C:\yii\framework\web\filters\CFilterChain.php(133): TransactionController->runAction()
#6 C:\yii\framework\web\filters\CFilter.php(40): CFilterChain->run()
#7 C:\yii\framework\web\CController.php(1145): CAccessControlFilter->filter()
#8 C:\yii\framework\web\filters\CInlineFilter.php(58): TransactionController->filterAccessControl()
#9 C:\yii\framework\web\filters\CFilterChain.php(130): CInlineFilter->filter()
#10 C:\yii\framework\web\CController.php(291): CFilterChain->run()
#11 C:\yii\framework\web\CController.php(265): TransactionController->runActionWithFilters()
#12 C:\yii\framework\web\CWebApplication.php(282): TransactionController->run()
#13 C:\yii\framework\web\CWebApplication.php(141): CWebApplication->runController()
#14 C:\yii\framework\base\CApplication.php(169): CWebApplication->processRequest()
#15 C:\wamp\www\Transaction\index.php(34): CWebApplication->run()
REQUEST_URI=/transaction/index.php?r=transaction
in C:\wamp\www\Transaction\protected\views\transaction\index.php (21)
in C:\wamp\www\Transaction\protected\controllers\TransactionController.php (140)
in C:\wamp\www\Transaction\index.php (34)
2013/05/06 21:50:08 [error] [php] Array to string conversion (C:\wamp\www\Transaction\protected\views\transaction\index.php:21)
Stack trace:
#0 C:\yii\framework\web\CController.php(869): TransactionController->renderFile()
#1 C:\yii\framework\web\CController.php(782): TransactionController->renderPartial()
#2 C:\wamp\www\Transaction\protected\controllers\TransactionController.php(140): TransactionController->render()
#3 C:\yii\framework\web\actions\CInlineAction.php(49): TransactionController->actionIndex()
#4 C:\yii\framework\web\CController.php(308): CInlineAction->runWithParams()
#5 C:\yii\framework\web\filters\CFilterChain.php(133): TransactionController->runAction()
#6 C:\yii\framework\web\filters\CFilter.php(40): CFilterChain->run()
#7 C:\yii\framework\web\CController.php(1145): CAccessControlFilter->filter()
#8 C:\yii\framework\web\filters\CInlineFilter.php(58): TransactionController->filterAccessControl()
#9 C:\yii\framework\web\filters\CFilterChain.php(130): CInlineFilter->filter()
#10 C:\yii\framework\web\CController.php(291): CFilterChain->run()
#11 C:\yii\framework\web\CController.php(265): TransactionController->runActionWithFilters()
#12 C:\yii\framework\web\CWebApplication.php(282): TransactionController->run()
#13 C:\yii\framework\web\CWebApplication.php(141): CWebApplication->runController()
#14 C:\yii\framework\base\CApplication.php(169): CWebApplication->processRequest()
#15 C:\wamp\www\Transaction\index.php(34): CWebApplication->run()
REQUEST_URI=/transaction/index.php?r=transaction
in C:\wamp\www\Transaction\protected\views\transaction\index.php (21)
in C:\wamp\www\Transaction\protected\controllers\TransactionController.php (140)
in C:\wamp\www\Transaction\index.php (34)
2013/05/06 21:50:58 [error] [php] Undefined variable: model (C:\wamp\www\Transaction\protected\views\transaction\create.php:18)
Stack trace:
#0 C:\yii\framework\web\CController.php(869): TransactionController->renderFile()
#1 C:\yii\framework\web\CController.php(782): TransactionController->renderPartial()
#2 C:\wamp\www\Transaction\protected\controllers\TransactionController.php(140): TransactionController->render()
#3 C:\yii\framework\web\actions\CInlineAction.php(49): TransactionController->actionIndex()
#4 C:\yii\framework\web\CController.php(308): CInlineAction->runWithParams()
#5 C:\yii\framework\web\filters\CFilterChain.php(133): TransactionController->runAction()
#6 C:\yii\framework\web\filters\CFilter.php(40): CFilterChain->run()
#7 C:\yii\framework\web\CController.php(1145): CAccessControlFilter->filter()
#8 C:\yii\framework\web\filters\CInlineFilter.php(58): TransactionController->filterAccessControl()
#9 C:\yii\framework\web\filters\CFilterChain.php(130): CInlineFilter->filter()
#10 C:\yii\framework\web\CController.php(291): CFilterChain->run()
#11 C:\yii\framework\web\CController.php(265): TransactionController->runActionWithFilters()
#12 C:\yii\framework\web\CWebApplication.php(282): TransactionController->run()
#13 C:\yii\framework\web\CWebApplication.php(141): CWebApplication->runController()
#14 C:\yii\framework\base\CApplication.php(169): CWebApplication->processRequest()
#15 C:\wamp\www\Transaction\index.php(34): CWebApplication->run()
REQUEST_URI=/transaction/index.php?r=transaction
in C:\wamp\www\Transaction\protected\views\transaction\create.php (18)
in C:\wamp\www\Transaction\protected\controllers\TransactionController.php (140)
in C:\wamp\www\Transaction\index.php (34)
2013/05/06 21:55:33 [error] [php] Undefined variable: model (C:\wamp\www\Transaction\protected\views\transaction\index.php:26)
Stack trace:
#0 C:\yii\framework\web\CController.php(869): TransactionController->renderFile()
#1 C:\yii\framework\web\CController.php(782): TransactionController->renderPartial()
#2 C:\wamp\www\Transaction\protected\controllers\TransactionController.php(140): TransactionController->render()
#3 C:\yii\framework\web\actions\CInlineAction.php(49): TransactionController->actionIndex()
#4 C:\yii\framework\web\CController.php(308): CInlineAction->runWithParams()
#5 C:\yii\framework\web\filters\CFilterChain.php(133): TransactionController->runAction()
#6 C:\yii\framework\web\filters\CFilter.php(40): CFilterChain->run()
#7 C:\yii\framework\web\CController.php(1145): CAccessControlFilter->filter()
#8 C:\yii\framework\web\filters\CInlineFilter.php(58): TransactionController->filterAccessControl()
#9 C:\yii\framework\web\filters\CFilterChain.php(130): CInlineFilter->filter()
#10 C:\yii\framework\web\CController.php(291): CFilterChain->run()
#11 C:\yii\framework\web\CController.php(265): TransactionController->runActionWithFilters()
#12 C:\yii\framework\web\CWebApplication.php(282): TransactionController->run()
#13 C:\yii\framework\web\CWebApplication.php(141): CWebApplication->runController()
#14 C:\yii\framework\base\CApplication.php(169): CWebApplication->processRequest()
#15 C:\wamp\www\Transaction\index.php(34): CWebApplication->run()
REQUEST_URI=/transaction/index.php?r=transaction
in C:\wamp\www\Transaction\protected\views\transaction\index.php (26)
in C:\wamp\www\Transaction\protected\controllers\TransactionController.php (140)
in C:\wamp\www\Transaction\index.php (34)
2013/05/06 21:55:49 [error] [php] Undefined variable: tipo (C:\wamp\www\Transaction\protected\views\transaction\index.php:29)
Stack trace:
#0 C:\yii\framework\web\CController.php(869): TransactionController->renderFile()
#1 C:\yii\framework\web\CController.php(782): TransactionController->renderPartial()
#2 C:\wamp\www\Transaction\protected\controllers\TransactionController.php(140): TransactionController->render()
#3 C:\yii\framework\web\actions\CInlineAction.php(49): TransactionController->actionIndex()
#4 C:\yii\framework\web\CController.php(308): CInlineAction->runWithParams()
#5 C:\yii\framework\web\filters\CFilterChain.php(133): TransactionController->runAction()
#6 C:\yii\framework\web\filters\CFilter.php(40): CFilterChain->run()
#7 C:\yii\framework\web\CController.php(1145): CAccessControlFilter->filter()
#8 C:\yii\framework\web\filters\CInlineFilter.php(58): TransactionController->filterAccessControl()
#9 C:\yii\framework\web\filters\CFilterChain.php(130): CInlineFilter->filter()
#10 C:\yii\framework\web\CController.php(291): CFilterChain->run()
#11 C:\yii\framework\web\CController.php(265): TransactionController->runActionWithFilters()
#12 C:\yii\framework\web\CWebApplication.php(282): TransactionController->run()
#13 C:\yii\framework\web\CWebApplication.php(141): CWebApplication->runController()
#14 C:\yii\framework\base\CApplication.php(169): CWebApplication->processRequest()
#15 C:\wamp\www\Transaction\index.php(34): CWebApplication->run()
REQUEST_URI=/transaction/index.php?r=transaction
in C:\wamp\www\Transaction\protected\views\transaction\index.php (29)
in C:\wamp\www\Transaction\protected\controllers\TransactionController.php (140)
in C:\wamp\www\Transaction\index.php (34)
2013/05/07 14:00:25 [error] [php] Undefined variable: model (C:\wamp\www\Transaction\protected\controllers\TransactionController.php:178)
Stack trace:
#0 C:\yii\framework\web\filters\CFilterChain.php(133): TransactionController->runAction()
#1 C:\yii\framework\web\filters\CFilter.php(40): CFilterChain->run()
#2 C:\yii\framework\web\CController.php(1145): CAccessControlFilter->filter()
#3 C:\yii\framework\web\filters\CInlineFilter.php(58): TransactionController->filterAccessControl()
#4 C:\yii\framework\web\filters\CFilterChain.php(130): CInlineFilter->filter()
#5 C:\yii\framework\web\CController.php(291): CFilterChain->run()
#6 C:\yii\framework\web\CController.php(265): TransactionController->runActionWithFilters()
#7 C:\yii\framework\web\CWebApplication.php(282): TransactionController->run()
#8 C:\yii\framework\web\CWebApplication.php(141): CWebApplication->runController()
#9 C:\yii\framework\base\CApplication.php(169): CWebApplication->processRequest()
#10 C:\wamp\www\Transaction\index.php(34): CWebApplication->run()
REQUEST_URI=/transaction/index.php?r=transaction/crearTrans
in C:\wamp\www\Transaction\protected\controllers\TransactionController.php (178)
in C:\wamp\www\Transaction\index.php (34)
2013/05/07 14:01:04 [error] [php] include(nusoap_client.php): failed to open stream: No such file or directory (C:\yii\framework\YiiBase.php:421)
Stack trace:
#0 C:\wamp\www\Transaction\protected\views\transaction\crearTrans.php(3): spl_autoload_call()
#1 C:\yii\framework\web\CBaseController.php(126): require()
#2 C:\yii\framework\web\CBaseController.php(95): TransactionController->renderInternal()
#3 C:\yii\framework\web\CController.php(869): TransactionController->renderFile()
#4 C:\yii\framework\web\CController.php(782): TransactionController->renderPartial()
#5 C:\wamp\www\Transaction\protected\controllers\TransactionController.php(176): TransactionController->render()
#6 C:\yii\framework\web\actions\CInlineAction.php(49): TransactionController->actionCrearTrans()
#7 C:\yii\framework\web\CController.php(308): CInlineAction->runWithParams()
#8 C:\yii\framework\web\filters\CFilterChain.php(133): TransactionController->runAction()
#9 C:\yii\framework\web\filters\CFilter.php(40): CFilterChain->run()
#10 C:\yii\framework\web\CController.php(1145): CAccessControlFilter->filter()
#11 C:\yii\framework\web\filters\CInlineFilter.php(58): TransactionController->filterAccessControl()
#12 C:\yii\framework\web\filters\CFilterChain.php(130): CInlineFilter->filter()
#13 C:\yii\framework\web\CController.php(291): CFilterChain->run()
#14 C:\yii\framework\web\CController.php(265): TransactionController->runActionWithFilters()
#15 C:\yii\framework\web\CWebApplication.php(282): TransactionController->run()
#16 C:\yii\framework\web\CWebApplication.php(141): CWebApplication->runController()
#17 C:\yii\framework\base\CApplication.php(169): CWebApplication->processRequest()
#18 C:\wamp\www\Transaction\index.php(34): CWebApplication->run()
REQUEST_URI=/transaction/index.php?r=transaction/crearTrans
in C:\wamp\www\Transaction\protected\views\transaction\crearTrans.php (3)
in C:\wamp\www\Transaction\protected\controllers\TransactionController.php (176)
in C:\wamp\www\Transaction\index.php (34)
2013/05/07 14:02:02 [error] [exception.CHttpException.404] exception 'CHttpException' with message 'Unable to resolve the request "trasaction".' in C:\yii\framework\web\CWebApplication.php:286
Stack trace:
#0 C:\yii\framework\web\CWebApplication.php(141): CWebApplication->runController('trasaction')
#1 C:\yii\framework\base\CApplication.php(169): CWebApplication->processRequest()
#2 C:\wamp\www\Transaction\index.php(34): CApplication->run()
#3 {main}
REQUEST_URI=/transaction/index.php?r=trasaction
---
